<?xml version="1.0" encoding="UTF-8"?>
<!-- Generated by org.testng.reporters.JUnitReportReporter -->
<testsuite skipped="0" hostname="DESKTOP-DK89G76" name="code1.Verify_assert" tests="1" failures="0" timestamp="2021-04-07T10:37:39 PDT" time="0.054" errors="0">
  <testcase name="m1" time="0.054" classname="code1.Verify_assert"/>
  <system-out/>
</testsuite> <!-- code1.Verify_assert -->
